action: docs, msg: getenv
cwd: /Users/hubbi/Desktop/sphinx-quimanima
cmd: /Users/hubbi/Desktop/sphinx-quimanima/build/tox/docs/bin/python -m pip install sphinx
Collecting sphinx
  Using cached Sphinx-3.0.2-py3-none-any.whl (2.8 MB)
Collecting sphinxcontrib-qthelp
  Using cached sphinxcontrib_qthelp-1.0.3-py2.py3-none-any.whl (90 kB)
Collecting snowballstemmer>=1.1
  Using cached snowballstemmer-2.0.0-py2.py3-none-any.whl (97 kB)
Requirement already satisfied: setuptools in ./build/tox/docs/lib/python3.8/site-packages (from sphinx) (46.1.3)
Collecting Jinja2>=2.3
  Using cached Jinja2-2.11.2-py2.py3-none-any.whl (125 kB)
Collecting alabaster<0.8,>=0.7
  Using cached alabaster-0.7.12-py2.py3-none-any.whl (14 kB)
Collecting sphinxcontrib-applehelp
  Using cached sphinxcontrib_applehelp-1.0.2-py2.py3-none-any.whl (121 kB)
Collecting sphinxcontrib-serializinghtml
  Using cached sphinxcontrib_serializinghtml-1.1.4-py2.py3-none-any.whl (89 kB)
Collecting sphinxcontrib-devhelp
  Using cached sphinxcontrib_devhelp-1.0.2-py2.py3-none-any.whl (84 kB)
Collecting imagesize
  Using cached imagesize-1.2.0-py2.py3-none-any.whl (4.8 kB)
Collecting requests>=2.5.0
  Using cached requests-2.23.0-py2.py3-none-any.whl (58 kB)
Collecting Pygments>=2.0
  Using cached Pygments-2.6.1-py3-none-any.whl (914 kB)
Collecting sphinxcontrib-htmlhelp
  Using cached sphinxcontrib_htmlhelp-1.0.3-py2.py3-none-any.whl (96 kB)
Collecting packaging
  Using cached packaging-20.3-py2.py3-none-any.whl (37 kB)
Collecting docutils>=0.12
  Using cached docutils-0.16-py2.py3-none-any.whl (548 kB)
Collecting sphinxcontrib-jsmath
  Using cached sphinxcontrib_jsmath-1.0.1-py2.py3-none-any.whl (5.1 kB)
Collecting babel>=1.3
  Using cached Babel-2.8.0-py2.py3-none-any.whl (8.6 MB)
Collecting MarkupSafe>=0.23
  Using cached MarkupSafe-1.1.1-cp38-cp38-macosx_10_9_x86_64.whl (16 kB)
Collecting chardet<4,>=3.0.2
  Using cached chardet-3.0.4-py2.py3-none-any.whl (133 kB)
Collecting certifi>=2017.4.17
  Using cached certifi-2020.4.5.1-py2.py3-none-any.whl (157 kB)
Collecting urllib3!=1.25.0,!=1.25.1,<1.26,>=1.21.1
  Using cached urllib3-1.25.9-py2.py3-none-any.whl (126 kB)
Collecting idna<3,>=2.5
  Using cached idna-2.9-py2.py3-none-any.whl (58 kB)
Collecting pyparsing>=2.0.2
  Using cached pyparsing-2.4.7-py2.py3-none-any.whl (67 kB)
Collecting six
  Using cached six-1.14.0-py2.py3-none-any.whl (10 kB)
Collecting pytz>=2015.7
  Using cached pytz-2019.3-py2.py3-none-any.whl (509 kB)
Installing collected packages: sphinxcontrib-qthelp, snowballstemmer, MarkupSafe, Jinja2, alabaster, sphinxcontrib-applehelp, sphinxcontrib-serializinghtml, sphinxcontrib-devhelp, imagesize, chardet, certifi, urllib3, idna, requests, Pygments, sphinxcontrib-htmlhelp, pyparsing, six, packaging, docutils, sphinxcontrib-jsmath, pytz, babel, sphinx
Successfully installed Jinja2-2.11.2 MarkupSafe-1.1.1 Pygments-2.6.1 alabaster-0.7.12 babel-2.8.0 certifi-2020.4.5.1 chardet-3.0.4 docutils-0.16 idna-2.9 imagesize-1.2.0 packaging-20.3 pyparsing-2.4.7 pytz-2019.3 requests-2.23.0 six-1.14.0 snowballstemmer-2.0.0 sphinx-3.0.2 sphinxcontrib-applehelp-1.0.2 sphinxcontrib-devhelp-1.0.2 sphinxcontrib-htmlhelp-1.0.3 sphinxcontrib-jsmath-1.0.1 sphinxcontrib-qthelp-1.0.3 sphinxcontrib-serializinghtml-1.1.4 urllib3-1.25.9
